# JRE version: OpenJDK Runtime Environment (8.0_302-b08) (build 1.8.0_302-b08)
# Java VM: OpenJDK 64-Bit Server VM (25.302-b08 mixed mode windows-amd64 compressed oops)
Heap:
 PSYoungGen      total 57344K, used 38795K [0x00000000d5b80000, 0x00000000daf80000, 0x0000000100000000)
  eden space 37888K, 53% used [0x00000000d5b80000,0x00000000d6f744f0,0x00000000d8080000)
  from space 19456K, 94% used [0x00000000d8080000,0x00000000d926e850,0x00000000d9380000)
  to   space 22528K, 0% used [0x00000000d9980000,0x00000000d9980000,0x00000000daf80000)
 ParOldGen       total 56832K, used 39458K [0x0000000081200000, 0x0000000084980000, 0x00000000d5b80000)
  object space 56832K, 69% used [0x0000000081200000,0x0000000083888ae8,0x0000000084980000)
 Metaspace       used 10059K, capacity 10516K, committed 10880K, reserved 1058816K
  class space    used 1003K, capacity 1040K, committed 1152K, reserved 1048576K
GC Heap History (10 events):
Event: 7.604 GC heap before
{Heap before GC invocations=15 (full 3):
 PSYoungGen      total 41472K, used 39880K [0x00000000d5b80000, 0x00000000da100000, 0x0000000100000000)
  eden space 31744K, 100% used [0x00000000d5b80000,0x00000000d7a80000,0x00000000d7a80000)
  from space 9728K, 83% used [0x00000000d7a80000,0x00000000d82722d8,0x00000000d8400000)
  to   space 14848K, 0% used [0x00000000d9280000,0x00000000d9280000,0x00000000da100000)
 ParOldGen       total 39936K, used 26815K [0x0000000081200000, 0x0000000083900000, 0x00000000d5b80000)
  object space 39936K, 67% used [0x0000000081200000,0x0000000082c2fdd0,0x0000000083900000)
 Metaspace       used 8245K, capacity 8884K, committed 9216K, reserved 1056768K
  class space    used 910K, capacity 944K, committed 1024K, reserved 1048576K
Event: 7.631 GC heap after
Heap after GC invocations=15 (full 3):
 PSYoungGen      total 50176K, used 13671K [0x00000000d5b80000, 0x00000000da000000, 0x0000000100000000)
  eden space 36352K, 0% used [0x00000000d5b80000,0x00000000d5b80000,0x00000000d7f00000)
  from space 13824K, 98% used [0x00000000d9280000,0x00000000d9fd9ca0,0x00000000da000000)
  to   space 16896K, 0% used [0x00000000d7f00000,0x00000000d7f00000,0x00000000d8f80000)
 ParOldGen       total 39936K, used 34462K [0x0000000081200000, 0x0000000083900000, 0x00000000d5b80000)
  object space 39936K, 86% used [0x0000000081200000,0x00000000833a7a98,0x0000000083900000)
 Metaspace       used 8245K, capacity 8884K, committed 9216K, reserved 1056768K
  class space    used 910K, capacity 944K, committed 1024K, reserved 1048576K
}
Event: 7.631 GC heap before
{Heap before GC invocations=16 (full 4):
 PSYoungGen      total 50176K, used 13671K [0x00000000d5b80000, 0x00000000da000000, 0x0000000100000000)
  eden space 36352K, 0% used [0x00000000d5b80000,0x00000000d5b80000,0x00000000d7f00000)
  from space 13824K, 98% used [0x00000000d9280000,0x00000000d9fd9ca0,0x00000000da000000)
  to   space 16896K, 0% used [0x00000000d7f00000,0x00000000d7f00000,0x00000000d8f80000)
 ParOldGen       total 39936K, used 34462K [0x0000000081200000, 0x0000000083900000, 0x00000000d5b80000)
  object space 39936K, 86% used [0x0000000081200000,0x00000000833a7a98,0x0000000083900000)
 Metaspace       used 8245K, capacity 8884K, committed 9216K, reserved 1056768K
  class space    used 910K, capacity 944K, committed 1024K, reserved 1048576K
Event: 7.880 GC heap after
Heap after GC invocations=16 (full 4):
 PSYoungGen      total 50176K, used 8410K [0x00000000d5b80000, 0x00000000da000000, 0x0000000100000000)
  eden space 36352K, 0% used [0x00000000d5b80000,0x00000000d5b80000,0x00000000d7f00000)
  from space 13824K, 60% used [0x00000000d9280000,0x00000000d9ab6a18,0x00000000da000000)
  to   space 16896K, 0% used [0x00000000d7f00000,0x00000000d7f00000,0x00000000d8f80000)
 ParOldGen       total 56832K, used 39434K [0x0000000081200000, 0x0000000084980000, 0x00000000d5b80000)
  object space 56832K, 69% used [0x0000000081200000,0x0000000083882ae8,0x0000000084980000)
 Metaspace       used 8245K, capacity 8884K, committed 9216K, reserved 1056768K
  class space    used 910K, capacity 944K, committed 1024K, reserved 1048576K
}
Event: 9.727 GC heap before
{Heap before GC invocations=17 (full 4):
 PSYoungGen      total 50176K, used 44762K [0x00000000d5b80000, 0x00000000da000000, 0x0000000100000000)
  eden space 36352K, 100% used [0x00000000d5b80000,0x00000000d7f00000,0x00000000d7f00000)
  from space 13824K, 60% used [0x00000000d9280000,0x00000000d9ab6a18,0x00000000da000000)
  to   space 16896K, 0% used [0x00000000d7f00000,0x00000000d7f00000,0x00000000d8f80000)
 ParOldGen       total 56832K, used 39434K [0x0000000081200000, 0x0000000084980000, 0x00000000d5b80000)
  object space 56832K, 69% used [0x0000000081200000,0x0000000083882ae8,0x0000000084980000)
 Metaspace       used 9626K, capacity 10132K, committed 10368K, reserved 1058816K
  class space    used 1001K, capacity 1040K, committed 1152K, reserved 1048576K
Event: 9.740 GC heap after
Heap after GC invocations=17 (full 4):
 PSYoungGen      total 53248K, used 10201K [0x00000000d5b80000, 0x00000000da480000, 0x0000000100000000)
  eden space 36352K, 0% used [0x00000000d5b80000,0x00000000d5b80000,0x00000000d7f00000)
  from space 16896K, 60% used [0x00000000d7f00000,0x00000000d88f65d8,0x00000000d8f80000)
  to   space 17408K, 0% used [0x00000000d9380000,0x00000000d9380000,0x00000000da480000)
 ParOldGen       total 56832K, used 39442K [0x0000000081200000, 0x0000000084980000, 0x00000000d5b80000)
  object space 56832K, 69% used [0x0000000081200000,0x0000000083884ae8,0x0000000084980000)
 Metaspace       used 9626K, capacity 10132K, committed 10368K, reserved 1058816K
  class space    used 1001K, capacity 1040K, committed 1152K, reserved 1048576K
}
Event: 10.893 GC heap before
{Heap before GC invocations=18 (full 4):
 PSYoungGen      total 53248K, used 46553K [0x00000000d5b80000, 0x00000000da480000, 0x0000000100000000)
  eden space 36352K, 100% used [0x00000000d5b80000,0x00000000d7f00000,0x00000000d7f00000)
  from space 16896K, 60% used [0x00000000d7f00000,0x00000000d88f65d8,0x00000000d8f80000)
  to   space 17408K, 0% used [0x00000000d9380000,0x00000000d9380000,0x00000000da480000)
 ParOldGen       total 56832K, used 39442K [0x0000000081200000, 0x0000000084980000, 0x00000000d5b80000)
  object space 56832K, 69% used [0x0000000081200000,0x0000000083884ae8,0x0000000084980000)
 Metaspace       used 9927K, capacity 10388K, committed 10624K, reserved 1058816K
  class space    used 1001K, capacity 1040K, committed 1152K, reserved 1048576K
Event: 10.909 GC heap after
Heap after GC invocations=18 (full 4):
 PSYoungGen      total 55296K, used 14368K [0x00000000d5b80000, 0x00000000da800000, 0x0000000100000000)
  eden space 37888K, 0% used [0x00000000d5b80000,0x00000000d5b80000,0x00000000d8080000)
  from space 17408K, 82% used [0x00000000d9380000,0x00000000da1882b0,0x00000000da480000)
  to   space 19456K, 0% used [0x00000000d8080000,0x00000000d8080000,0x00000000d9380000)
 ParOldGen       total 56832K, used 39450K [0x0000000081200000, 0x0000000084980000, 0x00000000d5b80000)
  object space 56832K, 69% used [0x0000000081200000,0x0000000083886ae8,0x0000000084980000)
 Metaspace       used 9927K, capacity 10388K, committed 10624K, reserved 1058816K
  class space    used 1001K, capacity 1040K, committed 1152K, reserved 1048576K
}
Event: 11.777 GC heap before
{Heap before GC invocations=19 (full 4):
 PSYoungGen      total 55296K, used 52256K [0x00000000d5b80000, 0x00000000da800000, 0x0000000100000000)
  eden space 37888K, 100% used [0x00000000d5b80000,0x00000000d8080000,0x00000000d8080000)
  from space 17408K, 82% used [0x00000000d9380000,0x00000000da1882b0,0x00000000da480000)
  to   space 19456K, 0% used [0x00000000d8080000,0x00000000d8080000,0x00000000d9380000)
 ParOldGen       total 56832K, used 39450K [0x0000000081200000, 0x0000000084980000, 0x00000000d5b80000)
  object space 56832K, 69% used [0x0000000081200000,0x0000000083886ae8,0x0000000084980000)
 Metaspace       used 9990K, capacity 10452K, committed 10624K, reserved 1058816K
  class space    used 1001K, capacity 1040K, committed 1152K, reserved 1048576K
Event: 11.795 GC heap after
Heap after GC invocations=19 (full 4):
 PSYoungGen      total 57344K, used 18362K [0x00000000d5b80000, 0x00000000daf80000, 0x0000000100000000)
  eden space 37888K, 0% used [0x00000000d5b80000,0x00000000d5b80000,0x00000000d8080000)
  from space 19456K, 94% used [0x00000000d8080000,0x00000000d926e850,0x00000000d9380000)
  to   space 22528K, 0% used [0x00000000d9980000,0x00000000d9980000,0x00000000daf80000)
 ParOldGen       total 56832K, used 39458K [0x0000000081200000, 0x0000000084980000, 0x00000000d5b80000)
  object space 56832K, 69% used [0x0000000081200000,0x0000000083888ae8,0x0000000084980000)
 Metaspace       used 9990K, capacity 10452K, committed 10624K, reserved 1058816K
  class space    used 1001K, capacity 1040K, committed 1152K, reserved 1048576K
}

