# JRE version: OpenJDK Runtime Environment (8.0_302-b08) (build 1.8.0_302-b08)
# Java VM: OpenJDK 64-Bit Server VM (25.302-b08 mixed mode windows-amd64 compressed oops)
Heap:
 PSYoungGen      total 106496K, used 25772K [0x00000000eab00000, 0x00000000fa680000, 0x0000000100000000)
  eden space 101376K, 20% used [0x00000000eab00000,0x00000000ebf30f40,0x00000000f0e00000)
  from space 5120K, 99% used [0x00000000f3200000,0x00000000f36fa2c8,0x00000000f3700000)
  to   space 36864K, 0% used [0x00000000f0e00000,0x00000000f0e00000,0x00000000f3200000)
 ParOldGen       total 145408K, used 70678K [0x00000000c0000000, 0x00000000c8e00000, 0x00000000eab00000)
  object space 145408K, 48% used [0x00000000c0000000,0x00000000c4505ac8,0x00000000c8e00000)
 Metaspace       used 16310K, capacity 17260K, committed 17536K, reserved 1064960K
  class space    used 2067K, capacity 2310K, committed 2432K, reserved 1048576K
GC Heap History (10 events):
Event: 1.318 GC heap before
{Heap before GC invocations=3 (full 0):
 PSYoungGen      total 71680K, used 71677K [0x00000000eab00000, 0x00000000ef600000, 0x0000000100000000)
  eden space 66560K, 100% used [0x00000000eab00000,0x00000000eec00000,0x00000000eec00000)
  from space 5120K, 99% used [0x00000000ef100000,0x00000000ef5ff7d8,0x00000000ef600000)
  to   space 5120K, 0% used [0x00000000eec00000,0x00000000eec00000,0x00000000ef100000)
 ParOldGen       total 87552K, used 12500K [0x00000000c0000000, 0x00000000c5580000, 0x00000000eab00000)
  object space 87552K, 14% used [0x00000000c0000000,0x00000000c0c35178,0x00000000c5580000)
 Metaspace       used 9297K, capacity 9648K, committed 9984K, reserved 1058816K
  class space    used 1086K, capacity 1194K, committed 1280K, reserved 1048576K
Event: 1.349 GC heap after
Heap after GC invocations=3 (full 0):
 PSYoungGen      total 71680K, used 5115K [0x00000000eab00000, 0x00000000f3700000, 0x0000000100000000)
  eden space 66560K, 0% used [0x00000000eab00000,0x00000000eab00000,0x00000000eec00000)
  from space 5120K, 99% used [0x00000000eec00000,0x00000000ef0fefc0,0x00000000ef100000)
  to   space 5120K, 0% used [0x00000000f3200000,0x00000000f3200000,0x00000000f3700000)
 ParOldGen       total 87552K, used 37641K [0x00000000c0000000, 0x00000000c5580000, 0x00000000eab00000)
  object space 87552K, 42% used [0x00000000c0000000,0x00000000c24c24c0,0x00000000c5580000)
 Metaspace       used 9297K, capacity 9648K, committed 9984K, reserved 1058816K
  class space    used 1086K, capacity 1194K, committed 1280K, reserved 1048576K
}
Event: 1.896 GC heap before
{Heap before GC invocations=4 (full 0):
 PSYoungGen      total 71680K, used 71675K [0x00000000eab00000, 0x00000000f3700000, 0x0000000100000000)
  eden space 66560K, 100% used [0x00000000eab00000,0x00000000eec00000,0x00000000eec00000)
  from space 5120K, 99% used [0x00000000eec00000,0x00000000ef0fefc0,0x00000000ef100000)
  to   space 5120K, 0% used [0x00000000f3200000,0x00000000f3200000,0x00000000f3700000)
 ParOldGen       total 87552K, used 37641K [0x00000000c0000000, 0x00000000c5580000, 0x00000000eab00000)
  object space 87552K, 42% used [0x00000000c0000000,0x00000000c24c24c0,0x00000000c5580000)
 Metaspace       used 9568K, capacity 9954K, committed 10240K, reserved 1058816K
  class space    used 1119K, capacity 1239K, committed 1280K, reserved 1048576K
Event: 1.954 GC heap after
Heap after GC invocations=4 (full 0):
 PSYoungGen      total 138240K, used 5106K [0x00000000eab00000, 0x00000000f3700000, 0x0000000100000000)
  eden space 133120K, 0% used [0x00000000eab00000,0x00000000eab00000,0x00000000f2d00000)
  from space 5120K, 99% used [0x00000000f3200000,0x00000000f36fc9f0,0x00000000f3700000)
  to   space 5120K, 0% used [0x00000000f2d00000,0x00000000f2d00000,0x00000000f3200000)
 ParOldGen       total 87552K, used 54850K [0x00000000c0000000, 0x00000000c5580000, 0x00000000eab00000)
  object space 87552K, 62% used [0x00000000c0000000,0x00000000c3590a68,0x00000000c5580000)
 Metaspace       used 9568K, capacity 9954K, committed 10240K, reserved 1058816K
  class space    used 1119K, capacity 1239K, committed 1280K, reserved 1048576K
}
Event: 2.845 GC heap before
{Heap before GC invocations=5 (full 0):
 PSYoungGen      total 138240K, used 138226K [0x00000000eab00000, 0x00000000f3700000, 0x0000000100000000)
  eden space 133120K, 100% used [0x00000000eab00000,0x00000000f2d00000,0x00000000f2d00000)
  from space 5120K, 99% used [0x00000000f3200000,0x00000000f36fc9f0,0x00000000f3700000)
  to   space 5120K, 0% used [0x00000000f2d00000,0x00000000f2d00000,0x00000000f3200000)
 ParOldGen       total 87552K, used 54850K [0x00000000c0000000, 0x00000000c5580000, 0x00000000eab00000)
  object space 87552K, 62% used [0x00000000c0000000,0x00000000c3590a68,0x00000000c5580000)
 Metaspace       used 10214K, capacity 10616K, committed 10880K, reserved 1058816K
  class space    used 1206K, capacity 1320K, committed 1408K, reserved 1048576K
Event: 3.046 GC heap after
Heap after GC invocations=5 (full 0):
 PSYoungGen      total 138240K, used 5112K [0x00000000eab00000, 0x00000000f3700000, 0x0000000100000000)
  eden space 133120K, 0% used [0x00000000eab00000,0x00000000eab00000,0x00000000f2d00000)
  from space 5120K, 99% used [0x00000000f2d00000,0x00000000f31fe1c8,0x00000000f3200000)
  to   space 5120K, 0% used [0x00000000f3200000,0x00000000f3200000,0x00000000f3700000)
 ParOldGen       total 87552K, used 78729K [0x00000000c0000000, 0x00000000c5580000, 0x00000000eab00000)
  object space 87552K, 89% used [0x00000000c0000000,0x00000000c4ce2718,0x00000000c5580000)
 Metaspace       used 10214K, capacity 10616K, committed 10880K, reserved 1058816K
  class space    used 1206K, capacity 1320K, committed 1408K, reserved 1048576K
}
Event: 3.046 GC heap before
{Heap before GC invocations=6 (full 1):
 PSYoungGen      total 138240K, used 5112K [0x00000000eab00000, 0x00000000f3700000, 0x0000000100000000)
  eden space 133120K, 0% used [0x00000000eab00000,0x00000000eab00000,0x00000000f2d00000)
  from space 5120K, 99% used [0x00000000f2d00000,0x00000000f31fe1c8,0x00000000f3200000)
  to   space 5120K, 0% used [0x00000000f3200000,0x00000000f3200000,0x00000000f3700000)
 ParOldGen       total 87552K, used 78729K [0x00000000c0000000, 0x00000000c5580000, 0x00000000eab00000)
  object space 87552K, 89% used [0x00000000c0000000,0x00000000c4ce2718,0x00000000c5580000)
 Metaspace       used 10214K, capacity 10616K, committed 10880K, reserved 1058816K
  class space    used 1206K, capacity 1320K, committed 1408K, reserved 1048576K
Event: 3.576 GC heap after
Heap after GC invocations=6 (full 1):
 PSYoungGen      total 138240K, used 0K [0x00000000eab00000, 0x00000000f3700000, 0x0000000100000000)
  eden space 133120K, 0% used [0x00000000eab00000,0x00000000eab00000,0x00000000f2d00000)
  from space 5120K, 0% used [0x00000000f2d00000,0x00000000f2d00000,0x00000000f3200000)
  to   space 5120K, 0% used [0x00000000f3200000,0x00000000f3200000,0x00000000f3700000)
 ParOldGen       total 145408K, used 59204K [0x00000000c0000000, 0x00000000c8e00000, 0x00000000eab00000)
  object space 145408K, 40% used [0x00000000c0000000,0x00000000c39d1330,0x00000000c8e00000)
 Metaspace       used 10198K, capacity 10578K, committed 10880K, reserved 1058816K
  class space    used 1199K, capacity 1309K, committed 1408K, reserved 1048576K
}
Event: 6.065 GC heap before
{Heap before GC invocations=7 (full 1):
 PSYoungGen      total 138240K, used 133120K [0x00000000eab00000, 0x00000000f3700000, 0x0000000100000000)
  eden space 133120K, 100% used [0x00000000eab00000,0x00000000f2d00000,0x00000000f2d00000)
  from space 5120K, 0% used [0x00000000f2d00000,0x00000000f2d00000,0x00000000f3200000)
  to   space 5120K, 0% used [0x00000000f3200000,0x00000000f3200000,0x00000000f3700000)
 ParOldGen       total 145408K, used 59204K [0x00000000c0000000, 0x00000000c8e00000, 0x00000000eab00000)
  object space 145408K, 40% used [0x00000000c0000000,0x00000000c39d1330,0x00000000c8e00000)
 Metaspace       used 16038K, capacity 16952K, committed 17152K, reserved 1064960K
  class space    used 2049K, capacity 2278K, committed 2304K, reserved 1048576K
Event: 6.178 GC heap after
Heap after GC invocations=7 (full 1):
 PSYoungGen      total 106496K, used 5096K [0x00000000eab00000, 0x00000000fa680000, 0x0000000100000000)
  eden space 101376K, 0% used [0x00000000eab00000,0x00000000eab00000,0x00000000f0e00000)
  from space 5120K, 99% used [0x00000000f3200000,0x00000000f36fa2c8,0x00000000f3700000)
  to   space 36864K, 0% used [0x00000000f0e00000,0x00000000f0e00000,0x00000000f3200000)
 ParOldGen       total 145408K, used 70678K [0x00000000c0000000, 0x00000000c8e00000, 0x00000000eab00000)
  object space 145408K, 48% used [0x00000000c0000000,0x00000000c4505ac8,0x00000000c8e00000)
 Metaspace       used 16038K, capacity 16952K, committed 17152K, reserved 1064960K
  class space    used 2049K, capacity 2278K, committed 2304K, reserved 1048576K
}

