# JRE version: OpenJDK Runtime Environment (8.0_302-b08) (build 1.8.0_302-b08)
# Java VM: OpenJDK 64-Bit Server VM (25.302-b08 mixed mode windows-amd64 compressed oops)
Heap:
 PSYoungGen      total 160768K, used 62230K [0x00000000eab00000, 0x00000000f6300000, 0x0000000100000000)
  eden space 133120K, 26% used [0x00000000eab00000,0x00000000ecccd0e8,0x00000000f2d00000)
  from space 27648K, 99% used [0x00000000f2d00000,0x00000000f47f88b0,0x00000000f4800000)
  to   space 27648K, 0% used [0x00000000f4800000,0x00000000f4800000,0x00000000f6300000)
 ParOldGen       total 87552K, used 64730K [0x00000000c0000000, 0x00000000c5580000, 0x00000000eab00000)
  object space 87552K, 73% used [0x00000000c0000000,0x00000000c3f36ab0,0x00000000c5580000)
 Metaspace       used 14791K, capacity 15684K, committed 15744K, reserved 1062912K
  class space    used 1939K, capacity 2146K, committed 2176K, reserved 1048576K
GC Heap History (10 events):
Event: 1.095 GC heap before
{Heap before GC invocations=3 (full 0):
 PSYoungGen      total 38400K, used 38389K [0x00000000eab00000, 0x00000000ef600000, 0x0000000100000000)
  eden space 33280K, 100% used [0x00000000eab00000,0x00000000ecb80000,0x00000000ecb80000)
  from space 5120K, 99% used [0x00000000ed080000,0x00000000ed57d7e8,0x00000000ed580000)
  to   space 5120K, 0% used [0x00000000ecb80000,0x00000000ecb80000,0x00000000ed080000)
 ParOldGen       total 87552K, used 12513K [0x00000000c0000000, 0x00000000c5580000, 0x00000000eab00000)
  object space 87552K, 14% used [0x00000000c0000000,0x00000000c0c38640,0x00000000c5580000)
 Metaspace       used 8326K, capacity 8586K, committed 8832K, reserved 1056768K
  class space    used 970K, capacity 1065K, committed 1152K, reserved 1048576K
Event: 1.107 GC heap after
Heap after GC invocations=3 (full 0):
 PSYoungGen      total 38400K, used 5112K [0x00000000eab00000, 0x00000000ef600000, 0x0000000100000000)
  eden space 33280K, 0% used [0x00000000eab00000,0x00000000eab00000,0x00000000ecb80000)
  from space 5120K, 99% used [0x00000000ecb80000,0x00000000ed07e0f8,0x00000000ed080000)
  to   space 5120K, 0% used [0x00000000ef100000,0x00000000ef100000,0x00000000ef600000)
 ParOldGen       total 87552K, used 25734K [0x00000000c0000000, 0x00000000c5580000, 0x00000000eab00000)
  object space 87552K, 29% used [0x00000000c0000000,0x00000000c1921a58,0x00000000c5580000)
 Metaspace       used 8326K, capacity 8586K, committed 8832K, reserved 1056768K
  class space    used 970K, capacity 1065K, committed 1152K, reserved 1048576K
}
Event: 1.353 GC heap before
{Heap before GC invocations=4 (full 0):
 PSYoungGen      total 38400K, used 38392K [0x00000000eab00000, 0x00000000ef600000, 0x0000000100000000)
  eden space 33280K, 100% used [0x00000000eab00000,0x00000000ecb80000,0x00000000ecb80000)
  from space 5120K, 99% used [0x00000000ecb80000,0x00000000ed07e0f8,0x00000000ed080000)
  to   space 5120K, 0% used [0x00000000ef100000,0x00000000ef100000,0x00000000ef600000)
 ParOldGen       total 87552K, used 25734K [0x00000000c0000000, 0x00000000c5580000, 0x00000000eab00000)
  object space 87552K, 29% used [0x00000000c0000000,0x00000000c1921a58,0x00000000c5580000)
 Metaspace       used 9342K, capacity 9726K, committed 9984K, reserved 1058816K
  class space    used 1096K, capacity 1197K, committed 1280K, reserved 1048576K
Event: 1.366 GC heap after
Heap after GC invocations=4 (full 0):
 PSYoungGen      total 71680K, used 5118K [0x00000000eab00000, 0x00000000ef600000, 0x0000000100000000)
  eden space 66560K, 0% used [0x00000000eab00000,0x00000000eab00000,0x00000000eec00000)
  from space 5120K, 99% used [0x00000000ef100000,0x00000000ef5ff938,0x00000000ef600000)
  to   space 5120K, 0% used [0x00000000eec00000,0x00000000eec00000,0x00000000ef100000)
 ParOldGen       total 87552K, used 37618K [0x00000000c0000000, 0x00000000c5580000, 0x00000000eab00000)
  object space 87552K, 42% used [0x00000000c0000000,0x00000000c24bcb50,0x00000000c5580000)
 Metaspace       used 9342K, capacity 9726K, committed 9984K, reserved 1058816K
  class space    used 1096K, capacity 1197K, committed 1280K, reserved 1048576K
}
Event: 1.721 GC heap before
{Heap before GC invocations=5 (full 0):
 PSYoungGen      total 71680K, used 71678K [0x00000000eab00000, 0x00000000ef600000, 0x0000000100000000)
  eden space 66560K, 100% used [0x00000000eab00000,0x00000000eec00000,0x00000000eec00000)
  from space 5120K, 99% used [0x00000000ef100000,0x00000000ef5ff938,0x00000000ef600000)
  to   space 5120K, 0% used [0x00000000eec00000,0x00000000eec00000,0x00000000ef100000)
 ParOldGen       total 87552K, used 37618K [0x00000000c0000000, 0x00000000c5580000, 0x00000000eab00000)
  object space 87552K, 42% used [0x00000000c0000000,0x00000000c24bcb50,0x00000000c5580000)
 Metaspace       used 9565K, capacity 9920K, committed 10240K, reserved 1058816K
  class space    used 1116K, capacity 1206K, committed 1280K, reserved 1048576K
Event: 1.753 GC heap after
Heap after GC invocations=5 (full 0):
 PSYoungGen      total 71680K, used 5101K [0x00000000eab00000, 0x00000000f6300000, 0x0000000100000000)
  eden space 66560K, 0% used [0x00000000eab00000,0x00000000eab00000,0x00000000eec00000)
  from space 5120K, 99% used [0x00000000eec00000,0x00000000ef0fb410,0x00000000ef100000)
  to   space 27648K, 0% used [0x00000000f4800000,0x00000000f4800000,0x00000000f6300000)
 ParOldGen       total 87552K, used 55138K [0x00000000c0000000, 0x00000000c5580000, 0x00000000eab00000)
  object space 87552K, 62% used [0x00000000c0000000,0x00000000c35d8a18,0x00000000c5580000)
 Metaspace       used 9565K, capacity 9920K, committed 10240K, reserved 1058816K
  class space    used 1116K, capacity 1206K, committed 1280K, reserved 1048576K
}
Event: 2.046 GC heap before
{Heap before GC invocations=6 (full 0):
 PSYoungGen      total 71680K, used 71661K [0x00000000eab00000, 0x00000000f6300000, 0x0000000100000000)
  eden space 66560K, 100% used [0x00000000eab00000,0x00000000eec00000,0x00000000eec00000)
  from space 5120K, 99% used [0x00000000eec00000,0x00000000ef0fb410,0x00000000ef100000)
  to   space 27648K, 0% used [0x00000000f4800000,0x00000000f4800000,0x00000000f6300000)
 ParOldGen       total 87552K, used 55138K [0x00000000c0000000, 0x00000000c5580000, 0x00000000eab00000)
  object space 87552K, 62% used [0x00000000c0000000,0x00000000c35d8a18,0x00000000c5580000)
 Metaspace       used 10136K, capacity 10556K, committed 10880K, reserved 1058816K
  class space    used 1197K, capacity 1320K, committed 1408K, reserved 1048576K
Event: 2.106 GC heap after
Heap after GC invocations=6 (full 0):
 PSYoungGen      total 160768K, used 19533K [0x00000000eab00000, 0x00000000f6300000, 0x0000000100000000)
  eden space 133120K, 0% used [0x00000000eab00000,0x00000000eab00000,0x00000000f2d00000)
  from space 27648K, 70% used [0x00000000f4800000,0x00000000f5b13570,0x00000000f6300000)
  to   space 27648K, 0% used [0x00000000f2d00000,0x00000000f2d00000,0x00000000f4800000)
 ParOldGen       total 87552K, used 55138K [0x00000000c0000000, 0x00000000c5580000, 0x00000000eab00000)
  object space 87552K, 62% used [0x00000000c0000000,0x00000000c35d8a18,0x00000000c5580000)
 Metaspace       used 10136K, capacity 10556K, committed 10880K, reserved 1058816K
  class space    used 1197K, capacity 1320K, committed 1408K, reserved 1048576K
}
Event: 2.671 GC heap before
{Heap before GC invocations=7 (full 0):
 PSYoungGen      total 160768K, used 152653K [0x00000000eab00000, 0x00000000f6300000, 0x0000000100000000)
  eden space 133120K, 100% used [0x00000000eab00000,0x00000000f2d00000,0x00000000f2d00000)
  from space 27648K, 70% used [0x00000000f4800000,0x00000000f5b13570,0x00000000f6300000)
  to   space 27648K, 0% used [0x00000000f2d00000,0x00000000f2d00000,0x00000000f4800000)
 ParOldGen       total 87552K, used 55138K [0x00000000c0000000, 0x00000000c5580000, 0x00000000eab00000)
  object space 87552K, 62% used [0x00000000c0000000,0x00000000c35d8a18,0x00000000c5580000)
 Metaspace       used 10209K, capacity 10620K, committed 10880K, reserved 1058816K
  class space    used 1202K, capacity 1320K, committed 1408K, reserved 1048576K
Event: 2.788 GC heap after
Heap after GC invocations=7 (full 0):
 PSYoungGen      total 160768K, used 27618K [0x00000000eab00000, 0x00000000f6300000, 0x0000000100000000)
  eden space 133120K, 0% used [0x00000000eab00000,0x00000000eab00000,0x00000000f2d00000)
  from space 27648K, 99% used [0x00000000f2d00000,0x00000000f47f88b0,0x00000000f4800000)
  to   space 27648K, 0% used [0x00000000f4800000,0x00000000f4800000,0x00000000f6300000)
 ParOldGen       total 87552K, used 64730K [0x00000000c0000000, 0x00000000c5580000, 0x00000000eab00000)
  object space 87552K, 73% used [0x00000000c0000000,0x00000000c3f36ab0,0x00000000c5580000)
 Metaspace       used 10209K, capacity 10620K, committed 10880K, reserved 1058816K
  class space    used 1202K, capacity 1320K, committed 1408K, reserved 1048576K
}

